Using device: cuda
Train samples: 18900
Val samples:   4050
Test samples:  4050
Epoch 1/50: Train Loss: 1.0083, Val Loss: 0.8593, Val Acc: 71.28%
Saved new best model: models/best_unet.pth
Epoch 2/50: Train Loss: 0.6514, Val Loss: 0.5653, Val Acc: 80.20%
Saved new best model: models/best_unet.pth
Epoch 3/50: Train Loss: 0.4966, Val Loss: 0.4975, Val Acc: 82.67%
Saved new best model: models/best_unet.pth
Epoch 4/50: Train Loss: 0.4209, Val Loss: 0.3229, Val Acc: 88.54%
Saved new best model: models/best_unet.pth
Epoch 5/50: Train Loss: 0.3569, Val Loss: 0.3405, Val Acc: 89.01%
Epoch 6/50: Train Loss: 0.3299, Val Loss: 0.3397, Val Acc: 88.52%
Epoch 7/50: Train Loss: 0.2793, Val Loss: 0.2313, Val Acc: 92.35%
Saved new best model: models/best_unet.pth
Epoch 8/50: Train Loss: 0.2565, Val Loss: 0.2345, Val Acc: 91.75%
Epoch 9/50: Train Loss: 0.2362, Val Loss: 0.2581, Val Acc: 91.16%
Epoch 10/50: Train Loss: 0.2111, Val Loss: 0.2363, Val Acc: 92.44%
Epoch 11/50: Train Loss: 0.2019, Val Loss: 0.1807, Val Acc: 93.75%
Saved new best model: models/best_unet.pth
Epoch 12/50: Train Loss: 0.1803, Val Loss: 0.1566, Val Acc: 94.79%
Saved new best model: models/best_unet.pth
Epoch 13/50: Train Loss: 0.1587, Val Loss: 0.2427, Val Acc: 91.75%
Epoch 14/50: Train Loss: 0.1535, Val Loss: 0.1407, Val Acc: 95.09%
Saved new best model: models/best_unet.pth
Epoch 15/50: Train Loss: 0.1445, Val Loss: 0.1434, Val Acc: 95.33%
Epoch 16/50: Train Loss: 0.1405, Val Loss: 0.1468, Val Acc: 94.62%
Epoch 17/50: Train Loss: 0.1257, Val Loss: 0.1691, Val Acc: 94.00%
Epoch 18/50: Train Loss: 0.1162, Val Loss: 0.1339, Val Acc: 95.11%
Saved new best model: models/best_unet.pth
Epoch 19/50: Train Loss: 0.1117, Val Loss: 0.1260, Val Acc: 95.51%
Saved new best model: models/best_unet.pth
Epoch 20/50: Train Loss: 0.1109, Val Loss: 0.1179, Val Acc: 95.88%
Saved new best model: models/best_unet.pth
Epoch 21/50: Train Loss: 0.1073, Val Loss: 0.1287, Val Acc: 95.63%
Epoch 22/50: Train Loss: 0.0961, Val Loss: 0.1385, Val Acc: 95.31%
Epoch 23/50: Train Loss: 0.0927, Val Loss: 0.1298, Val Acc: 95.93%
Epoch 24/50: Train Loss: 0.0918, Val Loss: 0.1217, Val Acc: 95.95%
Epoch 25/50: Train Loss: 0.0815, Val Loss: 0.1750, Val Acc: 93.73%
Early stopping: no val_loss improvement > 0.0 for 5 epoch(s). Best epoch: 20 (val_loss=0.1179, val_acc=95.88%)
